0 verbose cli /Users/nicolassanpedro/.nvm/versions/node/v18.20.7/bin/node /Users/nicolassanpedro/.nvm/versions/node/v18.20.7/bin/npm
1 info using npm@10.8.2
2 info using node@v18.20.7
3 silly config load:file:/Users/nicolassanpedro/.nvm/versions/node/v18.20.7/lib/node_modules/npm/npmrc
4 silly config load:file:/Users/nicolassanpedro/Downloads/WorkSense SaaS Dashboard Design (1)/.npmrc
5 silly config load:file:/Users/nicolassanpedro/.npmrc
6 silly config load:file:/Users/nicolassanpedro/.nvm/versions/node/v18.20.7/etc/npmrc
7 verbose title npm install next@14.2.22
8 verbose argv "install" "next@14.2.22"
9 verbose logfile logs-max:10 dir:/Users/nicolassanpedro/Downloads/WorkSense SaaS Dashboard Design (1)/npm-cache/_logs/2025-12-23T10_36_29_490Z-
10 verbose logfile /Users/nicolassanpedro/Downloads/WorkSense SaaS Dashboard Design (1)/npm-cache/_logs/2025-12-23T10_36_29_490Z-debug-0.log
11 silly packumentCache heap:4345298944 maxSize:1086324736 maxEntrySize:543162368
12 silly logfile done cleaning log files
13 silly idealTree buildDeps
14 silly fetch manifest next@14.2.22
15 silly packumentCache full:https://registry.npmjs.org/next cache-miss
16 http fetch GET 200 https://registry.npmjs.org/next 60ms (cache hit)
17 silly packumentCache full:https://registry.npmjs.org/next set size:28220841 disposed:false
18 silly fetch manifest @opentelemetry/api@^1.1.0
19 silly packumentCache full:https://registry.npmjs.org/@opentelemetry%2fapi cache-miss
20 http fetch GET 200 https://registry.npmjs.org/@opentelemetry%2fapi 2ms (cache hit)
21 silly packumentCache full:https://registry.npmjs.org/@opentelemetry%2fapi set size:455567 disposed:false
22 silly fetch manifest @playwright/test@^1.41.2
23 silly packumentCache full:https://registry.npmjs.org/@playwright%2ftest cache-miss
24 http fetch GET 200 https://registry.npmjs.org/@playwright%2ftest 7ms (cache hit)
25 silly packumentCache full:https://registry.npmjs.org/@playwright%2ftest set size:8565864 disposed:false
26 silly fetch manifest react@^18.3.1
27 silly packumentCache full:https://registry.npmjs.org/react cache-miss
28 http fetch GET 200 https://registry.npmjs.org/react 6ms (cache hit)
29 silly packumentCache full:https://registry.npmjs.org/react set size:6362607 disposed:false
30 silly fetch manifest react-dom@^18.3.1
31 silly packumentCache full:https://registry.npmjs.org/react-dom cache-miss
32 http fetch GET 200 https://registry.npmjs.org/react-dom 7ms (cache hit)
33 silly packumentCache full:https://registry.npmjs.org/react-dom set size:8375290 disposed:false
34 silly fetch manifest sass@^1.3.0
35 silly packumentCache full:https://registry.npmjs.org/sass cache-miss
36 http fetch GET 200 https://registry.npmjs.org/sass 5ms (cache hit)
37 silly packumentCache full:https://registry.npmjs.org/sass set size:717876 disposed:false
38 silly placeDep ROOT next@14.2.22 REPLACE for: worksense@0.1.0 want: 14.2.22
39 silly fetch manifest busboy@1.6.0
40 silly packumentCache full:https://registry.npmjs.org/busboy cache-miss
41 silly fetch manifest @next/env@14.2.22
42 silly packumentCache full:https://registry.npmjs.org/@next%2fenv cache-miss
43 silly fetch manifest styled-jsx@5.1.1
44 silly packumentCache full:https://registry.npmjs.org/styled-jsx cache-miss
45 silly fetch manifest @swc/helpers@0.5.5
46 silly packumentCache full:https://registry.npmjs.org/@swc%2fhelpers cache-miss
47 silly fetch manifest @next/swc-darwin-x64@14.2.22
48 silly packumentCache full:https://registry.npmjs.org/@next%2fswc-darwin-x64 cache-miss
49 silly fetch manifest @next/swc-darwin-arm64@14.2.22
50 silly packumentCache full:https://registry.npmjs.org/@next%2fswc-darwin-arm64 cache-miss
51 silly fetch manifest @next/swc-linux-x64-gnu@14.2.22
52 silly packumentCache full:https://registry.npmjs.org/@next%2fswc-linux-x64-gnu cache-miss
53 silly fetch manifest @next/swc-linux-x64-musl@14.2.22
54 silly packumentCache full:https://registry.npmjs.org/@next%2fswc-linux-x64-musl cache-miss
55 silly fetch manifest @next/swc-win32-x64-msvc@14.2.22
56 silly packumentCache full:https://registry.npmjs.org/@next%2fswc-win32-x64-msvc cache-miss
57 silly fetch manifest @next/swc-linux-arm64-gnu@14.2.22
58 silly packumentCache full:https://registry.npmjs.org/@next%2fswc-linux-arm64-gnu cache-miss
59 silly fetch manifest @next/swc-win32-ia32-msvc@14.2.22
60 silly packumentCache full:https://registry.npmjs.org/@next%2fswc-win32-ia32-msvc cache-miss
61 silly fetch manifest @next/swc-linux-arm64-musl@14.2.22
62 silly packumentCache full:https://registry.npmjs.org/@next%2fswc-linux-arm64-musl cache-miss
63 silly fetch manifest @next/swc-win32-arm64-msvc@14.2.22
64 silly packumentCache full:https://registry.npmjs.org/@next%2fswc-win32-arm64-msvc cache-miss
65 http fetch GET 200 https://registry.npmjs.org/@next%2fswc-linux-x64-gnu 10ms (cache hit)
66 silly packumentCache full:https://registry.npmjs.org/@next%2fswc-linux-x64-gnu set size:4856713 disposed:false
67 http fetch GET 200 https://registry.npmjs.org/@next%2fswc-darwin-x64 26ms (cache hit)
68 silly packumentCache full:https://registry.npmjs.org/@next%2fswc-darwin-x64 set size:4760819 disposed:false
69 http fetch GET 200 https://registry.npmjs.org/@next%2fswc-linux-x64-musl 43ms (cache hit)
70 silly packumentCache full:https://registry.npmjs.org/@next%2fswc-linux-x64-musl set size:4613443 disposed:false
71 http fetch GET 200 https://registry.npmjs.org/@swc%2fhelpers 52ms (cache hit)
72 silly packumentCache full:https://registry.npmjs.org/@swc%2fhelpers set size:631874 disposed:false
73 http fetch GET 200 https://registry.npmjs.org/@next%2fenv 62ms (cache hit)
74 silly packumentCache full:https://registry.npmjs.org/@next%2fenv set size:6703492 disposed:false
75 http fetch GET 200 https://registry.npmjs.org/@next%2fswc-linux-arm64-musl 77ms (cache hit)
76 silly packumentCache full:https://registry.npmjs.org/@next%2fswc-linux-arm64-musl set size:4673966 disposed:false
77 http fetch GET 200 https://registry.npmjs.org/@next%2fswc-darwin-arm64 94ms (cache hit)
78 silly packumentCache full:https://registry.npmjs.org/@next%2fswc-darwin-arm64 set size:4813365 disposed:false
79 http fetch GET 200 https://registry.npmjs.org/@next%2fswc-linux-arm64-gnu 106ms (cache hit)
80 silly packumentCache full:https://registry.npmjs.org/@next%2fswc-linux-arm64-gnu set size:4657904 disposed:false
81 http fetch GET 200 https://registry.npmjs.org/@next%2fswc-win32-x64-msvc 117ms (cache hit)
82 silly packumentCache full:https://registry.npmjs.org/@next%2fswc-win32-x64-msvc set size:4831105 disposed:false
83 http fetch GET 200 https://registry.npmjs.org/busboy 132ms (cache hit)
84 silly packumentCache full:https://registry.npmjs.org/busboy set size:78925 disposed:false
85 http fetch GET 200 https://registry.npmjs.org/styled-jsx 132ms (cache hit)
86 silly packumentCache full:https://registry.npmjs.org/styled-jsx set size:436113 disposed:false
87 http fetch GET 200 https://registry.npmjs.org/@next%2fswc-win32-ia32-msvc 135ms (cache hit)
88 silly packumentCache full:https://registry.npmjs.org/@next%2fswc-win32-ia32-msvc set size:3201597 disposed:false
89 http fetch GET 200 https://registry.npmjs.org/@next%2fswc-win32-arm64-msvc 144ms (cache hit)
90 silly packumentCache full:https://registry.npmjs.org/@next%2fswc-win32-arm64-msvc set size:4641787 disposed:false
91 silly fetch manifest react@^18.2.0
92 silly packumentCache full:https://registry.npmjs.org/react cache-miss
93 http fetch GET 200 https://registry.npmjs.org/react 11ms (cache hit)
94 silly packumentCache full:https://registry.npmjs.org/react set size:6362607 disposed:false
95 silly placeDep ROOT @next/env@14.2.22 OK for: next@14.2.22 want: 14.2.22
96 silly placeDep ROOT @next/swc-darwin-arm64@14.2.22 OK for: next@14.2.22 want: 14.2.22
97 silly placeDep ROOT @next/swc-darwin-x64@14.2.22 OK for: next@14.2.22 want: 14.2.22
98 silly placeDep ROOT @next/swc-linux-arm64-gnu@14.2.22 OK for: next@14.2.22 want: 14.2.22
99 silly placeDep ROOT @next/swc-linux-arm64-musl@14.2.22 OK for: next@14.2.22 want: 14.2.22
100 silly placeDep ROOT @next/swc-linux-x64-gnu@14.2.22 OK for: next@14.2.22 want: 14.2.22
101 silly placeDep ROOT @next/swc-linux-x64-musl@14.2.22 OK for: next@14.2.22 want: 14.2.22
102 silly placeDep ROOT @next/swc-win32-arm64-msvc@14.2.22 OK for: next@14.2.22 want: 14.2.22
103 silly placeDep ROOT @next/swc-win32-ia32-msvc@14.2.22 OK for: next@14.2.22 want: 14.2.22
104 silly placeDep ROOT @next/swc-win32-x64-msvc@14.2.22 OK for: next@14.2.22 want: 14.2.22
105 silly placeDep ROOT @swc/helpers@0.5.5 OK for: next@14.2.22 want: 0.5.5
106 silly placeDep ROOT busboy@1.6.0 OK for: next@14.2.22 want: 1.6.0
107 silly placeDep ROOT styled-jsx@5.1.1 OK for: next@14.2.22 want: 5.1.1
108 silly fetch manifest @swc/counter@^0.1.3
109 silly packumentCache full:https://registry.npmjs.org/@swc%2fcounter cache-miss
110 silly fetch manifest streamsearch@^1.1.0
111 silly packumentCache full:https://registry.npmjs.org/streamsearch cache-miss
112 silly fetch manifest client-only@0.0.1
113 silly packumentCache full:https://registry.npmjs.org/client-only cache-miss
114 http fetch GET 200 https://registry.npmjs.org/client-only 3ms (cache hit)
115 silly packumentCache full:https://registry.npmjs.org/client-only set size:2750 disposed:false
116 http fetch GET 200 https://registry.npmjs.org/streamsearch 4ms (cache hit)
117 silly packumentCache full:https://registry.npmjs.org/streamsearch set size:27372 disposed:false
118 http fetch GET 200 https://registry.npmjs.org/@swc%2fcounter 4ms (cache hit)
119 silly packumentCache full:https://registry.npmjs.org/@swc%2fcounter set size:7199 disposed:false
120 silly placeDep ROOT @swc/counter@0.1.3 OK for: @swc/helpers@0.5.5 want: ^0.1.3
121 silly placeDep ROOT streamsearch@1.1.0 OK for: busboy@1.6.0 want: ^1.1.0
122 silly placeDep ROOT client-only@0.0.1 OK for: styled-jsx@5.1.1 want: 0.0.1
123 silly reify mark retired [
123 silly reify   '/Users/nicolassanpedro/Downloads/WorkSense SaaS Dashboard Design (1)/node_modules/@img/colour'
123 silly reify ]
124 silly reify mark retired [
124 silly reify   '/Users/nicolassanpedro/Downloads/WorkSense SaaS Dashboard Design (1)/node_modules/@img/sharp-darwin-arm64'
124 silly reify ]
125 silly reify mark retired [
125 silly reify   '/Users/nicolassanpedro/Downloads/WorkSense SaaS Dashboard Design (1)/node_modules/@img/sharp-libvips-darwin-arm64'
125 silly reify ]
126 silly reify mark retired [
126 silly reify   '/Users/nicolassanpedro/Downloads/WorkSense SaaS Dashboard Design (1)/node_modules/@next/env'
126 silly reify ]
127 silly reify mark retired [
127 silly reify   '/Users/nicolassanpedro/Downloads/WorkSense SaaS Dashboard Design (1)/node_modules/@next/swc-darwin-arm64'
127 silly reify ]
128 silly reify mark retired [
128 silly reify   '/Users/nicolassanpedro/Downloads/WorkSense SaaS Dashboard Design (1)/node_modules/@swc/helpers'
128 silly reify ]
129 silly reify mark retired [
129 silly reify   '/Users/nicolassanpedro/Downloads/WorkSense SaaS Dashboard Design (1)/node_modules/baseline-browser-mapping',
129 silly reify   '/Users/nicolassanpedro/Downloads/WorkSense SaaS Dashboard Design (1)/node_modules/.bin/baseline-browser-mapping'
129 silly reify ]
130 silly reify mark retired [
130 silly reify   '/Users/nicolassanpedro/Downloads/WorkSense SaaS Dashboard Design (1)/node_modules/next',
130 silly reify   '/Users/nicolassanpedro/Downloads/WorkSense SaaS Dashboard Design (1)/node_modules/.bin/next'
130 silly reify ]
131 silly reify mark retired [
131 silly reify   '/Users/nicolassanpedro/Downloads/WorkSense SaaS Dashboard Design (1)/node_modules/sharp'
131 silly reify ]
132 silly reify mark retired [
132 silly reify   '/Users/nicolassanpedro/Downloads/WorkSense SaaS Dashboard Design (1)/node_modules/styled-jsx'
132 silly reify ]
133 silly reify moves {
133 silly reify   '/Users/nicolassanpedro/Downloads/WorkSense SaaS Dashboard Design (1)/node_modules/@img/colour': '/Users/nicolassanpedro/Downloads/WorkSense SaaS Dashboard Design (1)/node_modules/@img/.colour-vgRquoy3',
133 silly reify   '/Users/nicolassanpedro/Downloads/WorkSense SaaS Dashboard Design (1)/node_modules/@img/sharp-darwin-arm64': '/Users/nicolassanpedro/Downloads/WorkSense SaaS Dashboard Design (1)/node_modules/@img/.sharp-darwin-arm64-oeUijJ5z',
133 silly reify   '/Users/nicolassanpedro/Downloads/WorkSense SaaS Dashboard Design (1)/node_modules/@img/sharp-libvips-darwin-arm64': '/Users/nicolassanpedro/Downloads/WorkSense SaaS Dashboard Design (1)/node_modules/@img/.sharp-libvips-darwin-arm64-NvMK7ZxW',
133 silly reify   '/Users/nicolassanpedro/Downloads/WorkSense SaaS Dashboard Design (1)/node_modules/@next/env': '/Users/nicolassanpedro/Downloads/WorkSense SaaS Dashboard Design (1)/node_modules/@next/.env-C9YZDMR7',
133 silly reify   '/Users/nicolassanpedro/Downloads/WorkSense SaaS Dashboard Design (1)/node_modules/@next/swc-darwin-arm64': '/Users/nicolassanpedro/Downloads/WorkSense SaaS Dashboard Design (1)/node_modules/@next/.swc-darwin-arm64-5vJwid7A',
133 silly reify   '/Users/nicolassanpedro/Downloads/WorkSense SaaS Dashboard Design (1)/node_modules/@swc/helpers': '/Users/nicolassanpedro/Downloads/WorkSense SaaS Dashboard Design (1)/node_modules/@swc/.helpers-2T02d1m7',
133 silly reify   '/Users/nicolassanpedro/Downloads/WorkSense SaaS Dashboard Design (1)/node_modules/baseline-browser-mapping': '/Users/nicolassanpedro/Downloads/WorkSense SaaS Dashboard Design (1)/node_modules/.baseline-browser-mapping-TpYpP62k',
133 silly reify   '/Users/nicolassanpedro/Downloads/WorkSense SaaS Dashboard Design (1)/node_modules/.bin/baseline-browser-mapping': '/Users/nicolassanpedro/Downloads/WorkSense SaaS Dashboard Design (1)/node_modules/.bin/.baseline-browser-mapping-LQZdrd75',
133 silly reify   '/Users/nicolassanpedro/Downloads/WorkSense SaaS Dashboard Design (1)/node_modules/next': '/Users/nicolassanpedro/Downloads/WorkSense SaaS Dashboard Design (1)/node_modules/.next-2pXf3pXc',
133 silly reify   '/Users/nicolassanpedro/Downloads/WorkSense SaaS Dashboard Design (1)/node_modules/.bin/next': '/Users/nicolassanpedro/Downloads/WorkSense SaaS Dashboard Design (1)/node_modules/.bin/.next-gpbTR2U5',
133 silly reify   '/Users/nicolassanpedro/Downloads/WorkSense SaaS Dashboard Design (1)/node_modules/sharp': '/Users/nicolassanpedro/Downloads/WorkSense SaaS Dashboard Design (1)/node_modules/.sharp-l6pLFwZI',
133 silly reify   '/Users/nicolassanpedro/Downloads/WorkSense SaaS Dashboard Design (1)/node_modules/styled-jsx': '/Users/nicolassanpedro/Downloads/WorkSense SaaS Dashboard Design (1)/node_modules/.styled-jsx-kcDsQVHu'
133 silly reify }
134 verbose reify failed optional dependency /Users/nicolassanpedro/Downloads/WorkSense SaaS Dashboard Design (1)/node_modules/@tailwindcss/oxide-wasm32-wasi
135 silly reify mark deleted [
135 silly reify   '/Users/nicolassanpedro/Downloads/WorkSense SaaS Dashboard Design (1)/node_modules/@tailwindcss/oxide-wasm32-wasi'
135 silly reify ]
136 silly audit bulk request {
136 silly audit   '@alloc/quick-lru': [ '5.2.0' ],
136 silly audit   '@babel/runtime': [ '7.28.4' ],
136 silly audit   '@emnapi/core': [ '1.7.1' ],
136 silly audit   '@emnapi/runtime': [ '1.7.1' ],
136 silly audit   '@emnapi/wasi-threads': [ '1.1.0' ],
136 silly audit   '@eslint-community/eslint-utils': [ '4.9.0' ],
136 silly audit   '@eslint-community/regexpp': [ '4.12.2' ],
136 silly audit   '@eslint/eslintrc': [ '2.1.4' ],
136 silly audit   '@eslint/js': [ '8.57.1' ],
136 silly audit   '@floating-ui/core': [ '1.7.3' ],
136 silly audit   '@floating-ui/dom': [ '1.7.4' ],
136 silly audit   '@floating-ui/react-dom': [ '2.1.6' ],
136 silly audit   '@floating-ui/utils': [ '0.2.10' ],
136 silly audit   '@humanwhocodes/config-array': [ '0.13.0' ],
136 silly audit   '@humanwhocodes/module-importer': [ '1.0.1' ],
136 silly audit   '@humanwhocodes/object-schema': [ '2.0.3' ],
136 silly audit   '@isaacs/cliui': [ '8.0.2' ],
136 silly audit   'ansi-regex': [ '6.2.2', '5.0.1' ],
136 silly audit   'strip-ansi': [ '7.1.2', '6.0.1' ],
136 silly audit   '@jridgewell/gen-mapping': [ '0.3.13' ],
136 silly audit   '@jridgewell/remapping': [ '2.3.5' ],
136 silly audit   '@jridgewell/resolve-uri': [ '3.1.2' ],
136 silly audit   '@jridgewell/sourcemap-codec': [ '1.5.5' ],
136 silly audit   '@jridgewell/trace-mapping': [ '0.3.31' ],
136 silly audit   '@napi-rs/wasm-runtime': [ '0.2.12' ],
136 silly audit   '@next/eslint-plugin-next': [ '14.2.21' ],
136 silly audit   '@nodelib/fs.scandir': [ '2.1.5' ],
136 silly audit   '@nodelib/fs.stat': [ '2.0.5' ],
136 silly audit   '@nodelib/fs.walk': [ '1.2.8' ],
136 silly audit   '@nolyfill/is-core-module': [ '1.0.39' ],
136 silly audit   '@pkgjs/parseargs': [ '0.11.0' ],
136 silly audit   '@radix-ui/number': [ '1.1.1' ],
136 silly audit   '@radix-ui/primitive': [ '1.1.3' ],
136 silly audit   '@radix-ui/react-accordion': [ '1.2.12' ],
136 silly audit   '@radix-ui/react-alert-dialog': [ '1.1.15' ],
136 silly audit   '@radix-ui/react-slot': [ '1.2.3', '1.2.4' ],
136 silly audit   '@radix-ui/react-arrow': [ '1.1.7' ],
136 silly audit   '@radix-ui/react-aspect-ratio': [ '1.1.8' ],
136 silly audit   '@radix-ui/react-primitive': [ '2.1.4', '2.1.3' ],
136 silly audit   '@radix-ui/react-avatar': [ '1.1.11' ],
136 silly audit   '@radix-ui/react-context': [ '1.1.3', '1.1.2' ],
136 silly audit   '@radix-ui/react-checkbox': [ '1.3.3' ],
136 silly audit   '@radix-ui/react-collapsible': [ '1.1.12' ],
136 silly audit   '@radix-ui/react-collection': [ '1.1.7' ],
136 silly audit   '@radix-ui/react-compose-refs': [ '1.1.2' ],
136 silly audit   '@radix-ui/react-context-menu': [ '2.2.16' ],
136 silly audit   '@radix-ui/react-dialog': [ '1.1.15' ],
136 silly audit   '@radix-ui/react-direction': [ '1.1.1' ],
136 silly audit   '@radix-ui/react-dismissable-layer': [ '1.1.11' ],
136 silly audit   '@radix-ui/react-dropdown-menu': [ '2.1.16' ],
136 silly audit   '@radix-ui/react-focus-guards': [ '1.1.3' ],
136 silly audit   '@radix-ui/react-focus-scope': [ '1.1.7' ],
136 silly audit   '@radix-ui/react-hover-card': [ '1.1.15' ],
136 silly audit   '@radix-ui/react-id': [ '1.1.1' ],
136 silly audit   '@radix-ui/react-label': [ '2.1.8' ],
136 silly audit   '@radix-ui/react-menu': [ '2.1.16' ],
136 silly audit   '@radix-ui/react-menubar': [ '1.1.16' ],
136 silly audit   '@radix-ui/react-navigation-menu': [ '1.2.14' ],
136 silly audit   '@radix-ui/react-popover': [ '1.1.15' ],
136 silly audit   '@radix-ui/react-popper': [ '1.2.8' ],
136 silly audit   '@radix-ui/react-portal': [ '1.1.9' ],
136 silly audit   '@radix-ui/react-presence': [ '1.1.5' ],
136 silly audit   '@radix-ui/react-progress': [ '1.1.8' ],
136 silly audit   '@radix-ui/react-radio-group': [ '1.3.8' ],
136 silly audit   '@radix-ui/react-roving-focus': [ '1.1.11' ],
136 silly audit   '@radix-ui/react-scroll-area': [ '1.2.10' ],
136 silly audit   '@radix-ui/react-select': [ '2.2.6' ],
136 silly audit   '@radix-ui/react-separator': [ '1.1.8' ],
136 silly audit   '@radix-ui/react-slider': [ '1.3.6' ],
136 silly audit   '@radix-ui/react-switch': [ '1.2.6' ],
136 silly audit   '@radix-ui/react-tabs': [ '1.1.13' ],
136 silly audit   '@radix-ui/react-toggle': [ '1.1.10' ],
136 silly audit   '@radix-ui/react-toggle-group': [ '1.1.11' ],
136 silly audit   '@radix-ui/react-tooltip': [ '1.2.8' ],
136 silly audit   '@radix-ui/react-use-callback-ref': [ '1.1.1' ],
136 silly audit   '@radix-ui/react-use-controllable-state': [ '1.2.2' ],
136 silly audit   '@radix-ui/react-use-effect-event': [ '0.0.2' ],
136 silly audit   '@radix-ui/react-use-escape-keydown': [ '1.1.1' ],
136 silly audit   '@radix-ui/react-use-is-hydrated': [ '0.1.0' ],
136 silly audit   '@radix-ui/react-use-layout-effect': [ '1.1.1' ],
136 silly audit   '@radix-ui/react-use-previous': [ '1.1.1' ],
136 silly audit   '@radix-ui/react-use-rect': [ '1.1.1' ],
136 silly audit   '@radix-ui/react-use-size': [ '1.1.1' ],
136 silly audit   '@radix-ui/react-visually-hidden': [ '1.2.3' ],
136 silly audit   '@radix-ui/rect': [ '1.1.1' ],
136 silly audit   '@rtsao/scc': [ '1.1.0' ],
136 silly audit   '@rushstack/eslint-patch': [ '1.15.0' ],
136 silly audit   '@tailwindcss/node': [ '4.1.18' ],
136 silly audit   '@tailwindcss/oxide': [ '4.1.18' ],
136 silly audit   '@tailwindcss/oxide-android-arm64': [ '4.1.18' ],
136 silly audit   '@tailwindcss/oxide-darwin-arm64': [ '4.1.18' ],
136 silly audit   '@tailwindcss/oxide-darwin-x64': [ '4.1.18' ],
136 silly audit   '@tailwindcss/oxide-freebsd-x64': [ '4.1.18' ],
136 silly audit   '@tailwindcss/oxide-linux-arm-gnueabihf': [ '4.1.18' ],
136 silly audit   '@tailwindcss/oxide-linux-arm64-gnu': [ '4.1.18' ],
136 silly audit   '@tailwindcss/oxide-linux-arm64-musl': [ '4.1.18' ],
136 silly audit   '@tailwindcss/oxide-linux-x64-gnu': [ '4.1.18' ],
136 silly audit   '@tailwindcss/oxide-linux-x64-musl': [ '4.1.18' ],
136 silly audit   '@tailwindcss/oxide-win32-arm64-msvc': [ '4.1.18' ],
136 silly audit   '@tailwindcss/oxide-win32-x64-msvc': [ '4.1.18' ],
136 silly audit   '@tailwindcss/postcss': [ '4.1.18' ],
136 silly audit   '@tybys/wasm-util': [ '0.10.1' ],
136 silly audit   '@types/d3-array': [ '3.2.2' ],
136 silly audit   '@types/d3-color': [ '3.1.3' ],
136 silly audit   '@types/d3-ease': [ '3.0.2' ],
136 silly audit   '@types/d3-interpolate': [ '3.0.4' ],
136 silly audit   '@types/d3-path': [ '3.1.1' ],
136 silly audit   '@types/d3-scale': [ '4.0.9' ],
136 silly audit   '@types/d3-shape': [ '3.1.7' ],
136 silly audit   '@types/d3-time': [ '3.0.4' ],
136 silly audit   '@types/d3-timer': [ '3.0.2' ],
136 silly audit   '@types/json5': [ '0.0.29' ],
136 silly audit   '@types/node': [ '20.19.27' ],
136 silly audit   '@types/prop-types': [ '15.7.15' ],
136 silly audit   '@types/react': [ '18.3.27' ],
136 silly audit   '@types/react-dom': [ '18.3.7' ],
136 silly audit   '@typescript-eslint/eslint-plugin': [ '8.50.1' ],
136 silly audit   ignore: [ '7.0.5', '5.3.2' ],
136 silly audit   '@typescript-eslint/parser': [ '8.50.1' ],
136 silly audit   '@typescript-eslint/project-service': [ '8.50.1' ],
136 silly audit   '@typescript-eslint/scope-manager': [ '8.50.1' ],
136 silly audit   '@typescript-eslint/tsconfig-utils': [ '8.50.1' ],
136 silly audit   '@typescript-eslint/type-utils': [ '8.50.1' ],
136 silly audit   '@typescript-eslint/types': [ '8.50.1' ],
136 silly audit   '@typescript-eslint/typescript-estree': [ '8.50.1' ],
136 silly audit   'brace-expansion': [ '2.0.2', '1.1.12' ],
136 silly audit   minimatch: [ '9.0.5', '3.1.2' ],
136 silly audit   '@typescript-eslint/utils': [ '8.50.1' ],
136 silly audit   '@typescript-eslint/visitor-keys': [ '8.50.1' ],
136 silly audit   'eslint-visitor-keys': [ '4.2.1', '3.4.3' ],
136 silly audit   '@ungap/structured-clone': [ '1.3.0' ],
136 silly audit   '@unrs/resolver-binding-android-arm-eabi': [ '1.11.1' ],
136 silly audit   '@unrs/resolver-binding-android-arm64': [ '1.11.1' ],
136 silly audit   '@unrs/resolver-binding-darwin-arm64': [ '1.11.1' ],
136 silly audit   '@unrs/resolver-binding-darwin-x64': [ '1.11.1' ],
136 silly audit   '@unrs/resolver-binding-freebsd-x64': [ '1.11.1' ],
136 silly audit   '@unrs/resolver-binding-linux-arm-gnueabihf': [ '1.11.1' ],
136 silly audit   '@unrs/resolver-binding-linux-arm-musleabihf': [ '1.11.1' ],
136 silly audit   '@unrs/resolver-binding-linux-arm64-gnu': [ '1.11.1' ],
136 silly audit   '@unrs/resolver-binding-linux-arm64-musl': [ '1.11.1' ],
136 silly audit   '@unrs/resolver-binding-linux-ppc64-gnu': [ '1.11.1' ],
136 silly audit   '@unrs/resolver-binding-linux-riscv64-gnu': [ '1.11.1' ],
136 silly audit   '@unrs/resolver-binding-linux-riscv64-musl': [ '1.11.1' ],
136 silly audit   '@unrs/resolver-binding-linux-s390x-gnu': [ '1.11.1' ],
136 silly audit   '@unrs/resolver-binding-linux-x64-gnu': [ '1.11.1' ],
136 silly audit   '@unrs/resolver-binding-linux-x64-musl': [ '1.11.1' ],
136 silly audit   '@unrs/resolver-binding-wasm32-wasi': [ '1.11.1' ],
136 silly audit   '@unrs/resolver-binding-win32-arm64-msvc': [ '1.11.1' ],
136 silly audit   '@unrs/resolver-binding-win32-ia32-msvc': [ '1.11.1' ],
136 silly audit   '@unrs/resolver-binding-win32-x64-msvc': [ '1.11.1' ],
136 silly audit   acorn: [ '8.15.0' ],
136 silly audit   'acorn-jsx': [ '5.3.2' ],
136 silly audit   ajv: [ '6.12.6' ],
136 silly audit   'ansi-styles': [ '4.3.0', '6.2.3' ],
136 silly audit   argparse: [ '2.0.1' ],
136 silly audit   'aria-hidden': [ '1.2.6' ],
136 silly audit   'aria-query': [ '5.3.2' ],
136 silly audit   'array-buffer-byte-length': [ '1.0.2' ],
136 silly audit   'array-includes': [ '3.1.9' ],
136 silly audit   'array.prototype.findlast': [ '1.2.5' ],
136 silly audit   'array.prototype.findlastindex': [ '1.2.6' ],
136 silly audit   'array.prototype.flat': [ '1.3.3' ],
136 silly audit   'array.prototype.flatmap': [ '1.3.3' ],
136 silly audit   'array.prototype.tosorted': [ '1.1.4' ],
136 silly audit   'arraybuffer.prototype.slice': [ '1.0.4' ],
136 silly audit   'ast-types-flow': [ '0.0.8' ],
136 silly audit   'async-function': [ '1.0.0' ],
136 silly audit   'available-typed-arrays': [ '1.0.7' ],
136 silly audit   'axe-core': [ '4.11.0' ],
136 silly audit   'axobject-query': [ '4.1.0' ],
136 silly audit   'balanced-match': [ '1.0.2' ],
136 silly audit   'call-bind': [ '1.0.8' ],
136 silly audit   'call-bind-apply-helpers': [ '1.0.2' ],
136 silly audit   'call-bound': [ '1.0.4' ],
136 silly audit   callsites: [ '3.1.0' ],
136 silly audit   'caniuse-lite': [ '1.0.30001761' ],
136 silly audit   chalk: [ '4.1.2' ],
136 silly audit   'class-variance-authority': [ '0.7.1' ],
136 silly audit   clsx: [ '2.1.1' ],
136 silly audit   cmdk: [ '1.1.1' ],
136 silly audit   'color-convert': [ '2.0.1' ],
136 silly audit   'color-name': [ '1.1.4' ],
136 silly audit   'concat-map': [ '0.0.1' ],
136 silly audit   'cross-spawn': [ '7.0.6' ],
136 silly audit   csstype: [ '3.2.3' ],
136 silly audit   'd3-array': [ '3.2.4' ],
136 silly audit   'd3-color': [ '3.1.0' ],
136 silly audit   'd3-ease': [ '3.0.1' ],
136 silly audit   'd3-format': [ '3.1.0' ],
136 silly audit   'd3-interpolate': [ '3.0.1' ],
136 silly audit   'd3-path': [ '3.1.0' ],
136 silly audit   'd3-scale': [ '4.0.2' ],
136 silly audit   'd3-shape': [ '3.2.0' ],
136 silly audit   'd3-time': [ '3.1.0' ],
136 silly audit   'd3-time-format': [ '4.1.0' ],
136 silly audit   'd3-timer': [ '3.0.1' ],
136 silly audit   'damerau-levenshtein': [ '1.0.8' ],
136 silly audit   'data-view-buffer': [ '1.0.2' ],
136 silly audit   'data-view-byte-length': [ '1.0.2' ],
136 silly audit   'data-view-byte-offset': [ '1.0.1' ],
136 silly audit   'date-fns': [ '3.6.0' ],
136 silly audit   debug: [ '4.4.3', '3.2.7' ],
136 silly audit   'decimal.js-light': [ '2.5.1' ],
136 silly audit   'deep-is': [ '0.1.4' ],
136 silly audit   'define-data-property': [ '1.1.4' ],
136 silly audit   'define-properties': [ '1.2.1' ],
136 silly audit   'detect-libc': [ '2.1.2' ],
136 silly audit   'detect-node-es': [ '1.1.0' ],
136 silly audit   doctrine: [ '3.0.0', '2.1.0' ],
136 silly audit   'dom-helpers': [ '5.2.1' ],
136 silly audit   'dunder-proto': [ '1.0.1' ],
136 silly audit   eastasianwidth: [ '0.2.0' ],
136 silly audit   'embla-carousel': [ '8.6.0' ],
136 silly audit   'embla-carousel-react': [ '8.6.0' ],
136 silly audit   'embla-carousel-reactive-utils': [ '8.6.0' ],
136 silly audit   'emoji-regex': [ '9.2.2', '8.0.0' ],
136 silly audit   'enhanced-resolve': [ '5.18.4' ],
136 silly audit   'es-abstract': [ '1.24.1' ],
136 silly audit   'es-define-property': [ '1.0.1' ],
136 silly audit   'es-errors': [ '1.3.0' ],
136 silly audit   'es-iterator-helpers': [ '1.2.2' ],
136 silly audit   'es-object-atoms': [ '1.1.1' ],
136 silly audit   'es-set-tostringtag': [ '2.1.0' ],
136 silly audit   'es-shim-unscopables': [ '1.1.0' ],
136 silly audit   'es-to-primitive': [ '1.3.0' ],
136 silly audit   'escape-string-regexp': [ '4.0.0' ],
136 silly audit   eslint: [ '8.57.1' ],
136 silly audit   'eslint-config-next': [ '14.2.21' ],
136 silly audit   'eslint-import-resolver-node': [ '0.3.9' ],
136 silly audit   'eslint-import-resolver-typescript': [ '3.10.1' ],
136 silly audit   'eslint-module-utils': [ '2.12.1' ],
136 silly audit   'eslint-plugin-import': [ '2.32.0' ],
136 silly audit   semver: [ '6.3.1', '7.7.3' ],
136 silly audit   'eslint-plugin-jsx-a11y': [ '6.10.2' ],
136 silly audit   'eslint-plugin-react': [ '7.37.5' ],
136 silly audit   'eslint-plugin-react-hooks': [ '5.0.0-canary-7118f5dd7-20230705' ],
136 silly audit   resolve: [ '2.0.0-next.5', '1.22.11' ],
136 silly audit   'eslint-scope': [ '7.2.2' ],
136 silly audit   espree: [ '9.6.1' ],
136 silly audit   esquery: [ '1.6.0' ],
136 silly audit   esrecurse: [ '4.3.0' ],
136 silly audit   estraverse: [ '5.3.0' ],
136 silly audit   esutils: [ '2.0.3' ],
136 silly audit   eventemitter3: [ '4.0.7' ],
136 silly audit   'fast-deep-equal': [ '3.1.3' ],
136 silly audit   'fast-equals': [ '5.4.0' ],
136 silly audit   'fast-json-stable-stringify': [ '2.1.0' ],
136 silly audit   'fast-levenshtein': [ '2.0.6' ],
136 silly audit   fastq: [ '1.20.1' ],
136 silly audit   fdir: [ '6.5.0' ],
136 silly audit   'file-entry-cache': [ '6.0.1' ],
136 silly audit   'find-up': [ '5.0.0' ],
136 silly audit   'flat-cache': [ '3.2.0' ],
136 silly audit   flatted: [ '3.3.3' ],
136 silly audit   'for-each': [ '0.3.5' ],
136 silly audit   'foreground-child': [ '3.3.1' ],
136 silly audit   'framer-motion': [ '11.18.2' ],
136 silly audit   'fs.realpath': [ '1.0.0' ],
136 silly audit   'function-bind': [ '1.1.2' ],
136 silly audit   'function.prototype.name': [ '1.1.8' ],
136 silly audit   'functions-have-names': [ '1.2.3' ],
136 silly audit   'generator-function': [ '2.0.1' ],
136 silly audit   'get-intrinsic': [ '1.3.0' ],
136 silly audit   'get-nonce': [ '1.0.1' ],
136 silly audit   'get-proto': [ '1.0.1' ],
136 silly audit   'get-symbol-description': [ '1.1.0' ],
136 silly audit   'get-tsconfig': [ '4.13.0' ],
136 silly audit   glob: [ '10.3.10', '7.2.3' ],
136 silly audit   'glob-parent': [ '6.0.2' ],
136 silly audit   globals: [ '13.24.0' ],
136 silly audit   globalthis: [ '1.0.4' ],
136 silly audit   gopd: [ '1.2.0' ],
136 silly audit   'graceful-fs': [ '4.2.11' ],
136 silly audit   graphemer: [ '1.4.0' ],
136 silly audit   'has-bigints': [ '1.1.0' ],
136 silly audit   'has-flag': [ '4.0.0' ],
136 silly audit   'has-property-descriptors': [ '1.0.2' ],
136 silly audit   'has-proto': [ '1.2.0' ],
136 silly audit   'has-symbols': [ '1.1.0' ],
136 silly audit   'has-tostringtag': [ '1.0.2' ],
136 silly audit   hasown: [ '2.0.2' ],
136 silly audit   'import-fresh': [ '3.3.1' ],
136 silly audit   imurmurhash: [ '0.1.4' ],
136 silly audit   inflight: [ '1.0.6' ],
136 silly audit   inherits: [ '2.0.4' ],
136 silly audit   'input-otp': [ '1.4.2' ],
136 silly audit   'internal-slot': [ '1.1.0' ],
136 silly audit   internmap: [ '2.0.3' ],
136 silly audit   'is-array-buffer': [ '3.0.5' ],
136 silly audit   'is-async-function': [ '2.1.1' ],
136 silly audit   'is-bigint': [ '1.1.0' ],
136 silly audit   'is-boolean-object': [ '1.2.2' ],
136 silly audit   'is-bun-module': [ '2.0.0' ],
136 silly audit   'is-callable': [ '1.2.7' ],
136 silly audit   'is-core-module': [ '2.16.1' ],
136 silly audit   'is-data-view': [ '1.0.2' ],
136 silly audit   'is-date-object': [ '1.1.0' ],
136 silly audit   'is-extglob': [ '2.1.1' ],
136 silly audit   'is-finalizationregistry': [ '1.1.1' ],
136 silly audit   'is-fullwidth-code-point': [ '3.0.0' ],
136 silly audit   'is-generator-function': [ '1.1.2' ],
136 silly audit   'is-glob': [ '4.0.3' ],
136 silly audit   'is-map': [ '2.0.3' ],
136 silly audit   'is-negative-zero': [ '2.0.3' ],
136 silly audit   'is-number-object': [ '1.1.1' ],
136 silly audit   'is-path-inside': [ '3.0.3' ],
136 silly audit   'is-regex': [ '1.2.1' ],
136 silly audit   'is-set': [ '2.0.3' ],
136 silly audit   'is-shared-array-buffer': [ '1.0.4' ],
136 silly audit   'is-string': [ '1.1.1' ],
136 silly audit   'is-symbol': [ '1.1.1' ],
136 silly audit   'is-typed-array': [ '1.1.15' ],
136 silly audit   'is-weakmap': [ '2.0.2' ],
136 silly audit   'is-weakref': [ '1.1.1' ],
136 silly audit   'is-weakset': [ '2.0.4' ],
136 silly audit   isarray: [ '2.0.5' ],
136 silly audit   isexe: [ '2.0.0' ],
136 silly audit   'iterator.prototype': [ '1.1.5' ],
136 silly audit   jackspeak: [ '2.3.6' ],
136 silly audit   jiti: [ '2.6.1' ],
136 silly audit   'js-tokens': [ '4.0.0' ],
136 silly audit   'js-yaml': [ '4.1.1' ],
136 silly audit   'json-buffer': [ '3.0.1' ],
136 silly audit   'json-schema-traverse': [ '0.4.1' ],
136 silly audit   'json-stable-stringify-without-jsonify': [ '1.0.1' ],
136 silly audit   json5: [ '1.0.2' ],
136 silly audit   'jsx-ast-utils': [ '3.3.5' ],
136 silly audit   keyv: [ '4.5.4' ],
136 silly audit   'language-subtag-registry': [ '0.3.23' ],
136 silly audit   'language-tags': [ '1.0.9' ],
136 silly audit   levn: [ '0.4.1' ],
136 silly audit   lightningcss: [ '1.30.2' ],
136 silly audit   'lightningcss-android-arm64': [ '1.30.2' ],
136 silly audit   'lightningcss-darwin-arm64': [ '1.30.2' ],
136 silly audit   'lightningcss-darwin-x64': [ '1.30.2' ],
136 silly audit   'lightningcss-freebsd-x64': [ '1.30.2' ],
136 silly audit   'lightningcss-linux-arm-gnueabihf': [ '1.30.2' ],
136 silly audit   'lightningcss-linux-arm64-gnu': [ '1.30.2' ],
136 silly audit   'lightningcss-linux-arm64-musl': [ '1.30.2' ],
136 silly audit   'lightningcss-linux-x64-gnu': [ '1.30.2' ],
136 silly audit   'lightningcss-linux-x64-musl': [ '1.30.2' ],
136 silly audit   'lightningcss-win32-arm64-msvc': [ '1.30.2' ],
136 silly audit   'lightningcss-win32-x64-msvc': [ '1.30.2' ],
136 silly audit   'locate-path': [ '6.0.0' ],
136 silly audit   lodash: [ '4.17.21' ],
136 silly audit   'lodash.merge': [ '4.6.2' ],
136 silly audit   'loose-envify': [ '1.4.0' ],
136 silly audit   'lru-cache': [ '10.4.3' ],
136 silly audit   'lucide-react': [ '0.487.0' ],
136 silly audit   'magic-string': [ '0.30.21' ],
136 silly audit   'math-intrinsics': [ '1.1.0' ],
136 silly audit   minimist: [ '1.2.8' ],
136 silly audit   minipass: [ '7.1.2' ],
136 silly audit   motion: [ '11.18.2' ],
136 silly audit   'motion-dom': [ '11.18.1' ],
136 silly audit   'motion-utils': [ '11.18.1' ],
136 silly audit   ms: [ '2.1.3' ],
136 silly audit   nanoid: [ '3.3.11' ],
136 silly audit   'napi-postinstall': [ '0.3.4' ],
136 silly audit   'natural-compare': [ '1.4.0' ],
136 silly audit   'next-themes': [ '0.4.6' ],
136 silly audit   postcss: [ '8.5.6', '8.4.31' ],
136 silly audit   'object-assign': [ '4.1.1' ],
136 silly audit   'object-inspect': [ '1.13.4' ],
136 silly audit   'object-keys': [ '1.1.1' ],
136 silly audit   'object.assign': [ '4.1.7' ],
136 silly audit   'object.entries': [ '1.1.9' ],
136 silly audit   'object.fromentries': [ '2.0.8' ],
136 silly audit   'object.groupby': [ '1.0.3' ],
136 silly audit   'object.values': [ '1.2.1' ],
136 silly audit   once: [ '1.4.0' ],
136 silly audit   optionator: [ '0.9.4' ],
136 silly audit   'own-keys': [ '1.0.1' ],
136 silly audit   'p-limit': [ '3.1.0' ],
136 silly audit   'p-locate': [ '5.0.0' ],
136 silly audit   'parent-module': [ '1.0.1' ],
136 silly audit   'path-exists': [ '4.0.0' ],
136 silly audit   'path-is-absolute': [ '1.0.1' ],
136 silly audit   'path-key': [ '3.1.1' ],
136 silly audit   'path-parse': [ '1.0.7' ],
136 silly audit   'path-scurry': [ '1.11.1' ],
136 silly audit   picocolors: [ '1.1.1' ],
136 silly audit   picomatch: [ '4.0.3' ],
136 silly audit   'possible-typed-array-names': [ '1.1.0' ],
136 silly audit   'prelude-ls': [ '1.2.1' ],
136 silly audit   'prop-types': [ '15.8.1' ],
136 silly audit   punycode: [ '2.3.1' ],
136 silly audit   'queue-microtask': [ '1.2.3' ],
136 silly audit   react: [ '18.3.1' ],
136 silly audit   'react-day-picker': [ '8.10.1' ],
136 silly audit   'react-dom': [ '18.3.1' ],
136 silly audit   'react-hook-form': [ '7.69.0' ],
136 silly audit   'react-is': [ '16.13.1', '18.3.1' ],
136 silly audit   'react-remove-scroll': [ '2.7.2' ],
136 silly audit   'react-remove-scroll-bar': [ '2.3.8' ],
136 silly audit   'react-resizable-panels': [ '2.1.9' ],
136 silly audit   'react-smooth': [ '4.0.4' ],
136 silly audit   'react-style-singleton': [ '2.2.3' ],
136 silly audit   'react-transition-group': [ '4.4.5' ],
136 silly audit   recharts: [ '2.15.4' ],
136 silly audit   'recharts-scale': [ '0.4.5' ],
136 silly audit   'reflect.getprototypeof': [ '1.0.10' ],
136 silly audit   'regexp.prototype.flags': [ '1.5.4' ],
136 silly audit   'resolve-from': [ '4.0.0' ],
136 silly audit   'resolve-pkg-maps': [ '1.0.0' ],
136 silly audit   reusify: [ '1.1.0' ],
136 silly audit   rimraf: [ '3.0.2' ],
136 silly audit   'run-parallel': [ '1.2.0' ],
136 silly audit   'safe-array-concat': [ '1.1.3' ],
136 silly audit   'safe-push-apply': [ '1.0.0' ],
136 silly audit   'safe-regex-test': [ '1.1.0' ],
136 silly audit   scheduler: [ '0.23.2' ],
136 silly audit   'set-function-length': [ '1.2.2' ],
136 silly audit   'set-function-name': [ '2.0.2' ],
136 silly audit   'set-proto': [ '1.0.0' ],
136 silly audit   'shebang-command': [ '2.0.0' ],
136 silly audit   'shebang-regex': [ '3.0.0' ],
136 silly audit   'side-channel': [ '1.1.0' ],
136 silly audit   'side-channel-list': [ '1.0.0' ],
136 silly audit   'side-channel-map': [ '1.0.1' ],
136 silly audit   'side-channel-weakmap': [ '1.0.2' ],
136 silly audit   'signal-exit': [ '4.1.0' ],
136 silly audit   sonner: [ '2.0.7' ],
136 silly audit   'source-map-js': [ '1.2.1' ],
136 silly audit   'stable-hash': [ '0.0.5' ],
136 silly audit   'stop-iteration-iterator': [ '1.1.0' ],
136 silly audit   'string-width': [ '5.1.2', '4.2.3' ],
136 silly audit   'string.prototype.includes': [ '2.0.1' ],
136 silly audit   'string.prototype.matchall': [ '4.0.12' ],
136 silly audit   'string.prototype.repeat': [ '1.0.0' ],
136 silly audit   'string.prototype.trim': [ '1.2.10' ],
136 silly audit   'string.prototype.trimend': [ '1.0.9' ],
136 silly audit   'string.prototype.trimstart': [ '1.0.8' ],
136 silly audit   'strip-bom': [ '3.0.0' ],
136 silly audit   'strip-json-comments': [ '3.1.1' ],
136 silly audit   'supports-color': [ '7.2.0' ],
136 silly audit   'supports-preserve-symlinks-flag': [ '1.0.0' ],
136 silly audit   'tailwind-merge': [ '2.6.0' ],
136 silly audit   tailwindcss: [ '4.1.18' ],
136 silly audit   tapable: [ '2.3.0' ],
136 silly audit   'text-table': [ '0.2.0' ],
136 silly audit   'tiny-invariant': [ '1.3.3' ],
136 silly audit   tinyglobby: [ '0.2.15' ],
136 silly audit   'ts-api-utils': [ '2.1.0' ],
136 silly audit   'tsconfig-paths': [ '3.15.0' ],
136 silly audit   tslib: [ '2.8.1' ],
136 silly audit   'type-check': [ '0.4.0' ],
136 silly audit   'type-fest': [ '0.20.2' ],
136 silly audit   'typed-array-buffer': [ '1.0.3' ],
136 silly audit   'typed-array-byte-length': [ '1.0.3' ],
136 silly audit   'typed-array-byte-offset': [ '1.0.4' ],
136 silly audit   'typed-array-length': [ '1.0.7' ],
136 silly audit   typescript: [ '5.9.3' ],
136 silly audit   'unbox-primitive': [ '1.1.0' ],
136 silly audit   'undici-types': [ '6.21.0' ],
136 silly audit   'unrs-resolver': [ '1.11.1' ],
136 silly audit   'uri-js': [ '4.4.1' ],
136 silly audit   'use-callback-ref': [ '1.3.3' ],
136 silly audit   'use-sidecar': [ '1.1.3' ],
136 silly audit   'use-sync-external-store': [ '1.6.0' ],
136 silly audit   vaul: [ '1.1.2' ],
136 silly audit   'victory-vendor': [ '36.9.2' ],
136 silly audit   which: [ '2.0.2' ],
136 silly audit   'which-boxed-primitive': [ '1.1.1' ],
136 silly audit   'which-builtin-type': [ '1.2.1' ],
136 silly audit   'which-collection': [ '1.0.2' ],
136 silly audit   'which-typed-array': [ '1.1.19' ],
136 silly audit   'word-wrap': [ '1.2.5' ],
136 silly audit   'wrap-ansi': [ '8.1.0', '7.0.0' ],
136 silly audit   wrappy: [ '1.0.2' ],
136 silly audit   'yocto-queue': [ '0.1.0' ],
136 silly audit   zod: [ '3.25.76' ],
136 silly audit   next: [ '14.2.22' ],
136 silly audit   '@next/env': [ '14.2.22' ],
136 silly audit   '@next/swc-darwin-arm64': [ '14.2.22' ],
136 silly audit   '@next/swc-darwin-x64': [ '14.2.22' ],
136 silly audit   '@next/swc-linux-arm64-gnu': [ '14.2.22' ],
136 silly audit   '@next/swc-linux-arm64-musl': [ '14.2.22' ],
136 silly audit   '@next/swc-linux-x64-gnu': [ '14.2.22' ],
136 silly audit   '@next/swc-linux-x64-musl': [ '14.2.22' ],
136 silly audit   '@next/swc-win32-arm64-msvc': [ '14.2.22' ],
136 silly audit   '@next/swc-win32-ia32-msvc': [ '14.2.22' ],
136 silly audit   '@next/swc-win32-x64-msvc': [ '14.2.22' ],
136 silly audit   '@swc/helpers': [ '0.5.5' ],
136 silly audit   busboy: [ '1.6.0' ],
136 silly audit   'styled-jsx': [ '5.1.1' ],
136 silly audit   '@swc/counter': [ '0.1.3' ],
136 silly audit   streamsearch: [ '1.1.0' ],
136 silly audit   'client-only': [ '0.0.1' ],
136 silly audit   '@tailwindcss/oxide-wasm32-wasi': [ '4.1.18' ]
136 silly audit }
137 verbose reify failed optional dependency /Users/nicolassanpedro/Downloads/WorkSense SaaS Dashboard Design (1)/node_modules/@next/swc-win32-x64-msvc
138 silly reify mark deleted [
138 silly reify   '/Users/nicolassanpedro/Downloads/WorkSense SaaS Dashboard Design (1)/node_modules/@next/swc-win32-x64-msvc'
138 silly reify ]
139 verbose reify failed optional dependency /Users/nicolassanpedro/Downloads/WorkSense SaaS Dashboard Design (1)/node_modules/@next/swc-win32-ia32-msvc
140 silly reify mark deleted [
140 silly reify   '/Users/nicolassanpedro/Downloads/WorkSense SaaS Dashboard Design (1)/node_modules/@next/swc-win32-ia32-msvc'
140 silly reify ]
141 verbose reify failed optional dependency /Users/nicolassanpedro/Downloads/WorkSense SaaS Dashboard Design (1)/node_modules/@next/swc-win32-arm64-msvc
142 silly reify mark deleted [
142 silly reify   '/Users/nicolassanpedro/Downloads/WorkSense SaaS Dashboard Design (1)/node_modules/@next/swc-win32-arm64-msvc'
142 silly reify ]
143 verbose reify failed optional dependency /Users/nicolassanpedro/Downloads/WorkSense SaaS Dashboard Design (1)/node_modules/@next/swc-linux-x64-musl
144 silly reify mark deleted [
144 silly reify   '/Users/nicolassanpedro/Downloads/WorkSense SaaS Dashboard Design (1)/node_modules/@next/swc-linux-x64-musl'
144 silly reify ]
145 verbose reify failed optional dependency /Users/nicolassanpedro/Downloads/WorkSense SaaS Dashboard Design (1)/node_modules/@next/swc-linux-x64-gnu
146 silly reify mark deleted [
146 silly reify   '/Users/nicolassanpedro/Downloads/WorkSense SaaS Dashboard Design (1)/node_modules/@next/swc-linux-x64-gnu'
146 silly reify ]
147 verbose reify failed optional dependency /Users/nicolassanpedro/Downloads/WorkSense SaaS Dashboard Design (1)/node_modules/@next/swc-linux-arm64-musl
148 silly reify mark deleted [
148 silly reify   '/Users/nicolassanpedro/Downloads/WorkSense SaaS Dashboard Design (1)/node_modules/@next/swc-linux-arm64-musl'
148 silly reify ]
149 verbose reify failed optional dependency /Users/nicolassanpedro/Downloads/WorkSense SaaS Dashboard Design (1)/node_modules/@next/swc-linux-arm64-gnu
150 silly reify mark deleted [
150 silly reify   '/Users/nicolassanpedro/Downloads/WorkSense SaaS Dashboard Design (1)/node_modules/@next/swc-linux-arm64-gnu'
150 silly reify ]
151 verbose reify failed optional dependency /Users/nicolassanpedro/Downloads/WorkSense SaaS Dashboard Design (1)/node_modules/@next/swc-darwin-x64
152 silly reify mark deleted [
152 silly reify   '/Users/nicolassanpedro/Downloads/WorkSense SaaS Dashboard Design (1)/node_modules/@next/swc-darwin-x64'
152 silly reify ]
153 verbose reify failed optional dependency /Users/nicolassanpedro/Downloads/WorkSense SaaS Dashboard Design (1)/node_modules/lightningcss-win32-x64-msvc
154 silly reify mark deleted [
154 silly reify   '/Users/nicolassanpedro/Downloads/WorkSense SaaS Dashboard Design (1)/node_modules/lightningcss-win32-x64-msvc'
154 silly reify ]
155 verbose reify failed optional dependency /Users/nicolassanpedro/Downloads/WorkSense SaaS Dashboard Design (1)/node_modules/lightningcss-win32-arm64-msvc
156 silly reify mark deleted [
156 silly reify   '/Users/nicolassanpedro/Downloads/WorkSense SaaS Dashboard Design (1)/node_modules/lightningcss-win32-arm64-msvc'
156 silly reify ]
157 verbose reify failed optional dependency /Users/nicolassanpedro/Downloads/WorkSense SaaS Dashboard Design (1)/node_modules/lightningcss-linux-x64-musl
158 silly reify mark deleted [
158 silly reify   '/Users/nicolassanpedro/Downloads/WorkSense SaaS Dashboard Design (1)/node_modules/lightningcss-linux-x64-musl'
158 silly reify ]
159 verbose reify failed optional dependency /Users/nicolassanpedro/Downloads/WorkSense SaaS Dashboard Design (1)/node_modules/lightningcss-linux-x64-gnu
160 silly reify mark deleted [
160 silly reify   '/Users/nicolassanpedro/Downloads/WorkSense SaaS Dashboard Design (1)/node_modules/lightningcss-linux-x64-gnu'
160 silly reify ]
161 verbose reify failed optional dependency /Users/nicolassanpedro/Downloads/WorkSense SaaS Dashboard Design (1)/node_modules/lightningcss-linux-arm64-musl
162 silly reify mark deleted [
162 silly reify   '/Users/nicolassanpedro/Downloads/WorkSense SaaS Dashboard Design (1)/node_modules/lightningcss-linux-arm64-musl'
162 silly reify ]
163 verbose reify failed optional dependency /Users/nicolassanpedro/Downloads/WorkSense SaaS Dashboard Design (1)/node_modules/lightningcss-linux-arm64-gnu
164 silly reify mark deleted [
164 silly reify   '/Users/nicolassanpedro/Downloads/WorkSense SaaS Dashboard Design (1)/node_modules/lightningcss-linux-arm64-gnu'
164 silly reify ]
165 verbose reify failed optional dependency /Users/nicolassanpedro/Downloads/WorkSense SaaS Dashboard Design (1)/node_modules/lightningcss-linux-arm-gnueabihf
166 silly reify mark deleted [
166 silly reify   '/Users/nicolassanpedro/Downloads/WorkSense SaaS Dashboard Design (1)/node_modules/lightningcss-linux-arm-gnueabihf'
166 silly reify ]
167 verbose reify failed optional dependency /Users/nicolassanpedro/Downloads/WorkSense SaaS Dashboard Design (1)/node_modules/lightningcss-freebsd-x64
168 silly reify mark deleted [
168 silly reify   '/Users/nicolassanpedro/Downloads/WorkSense SaaS Dashboard Design (1)/node_modules/lightningcss-freebsd-x64'
168 silly reify ]
169 verbose reify failed optional dependency /Users/nicolassanpedro/Downloads/WorkSense SaaS Dashboard Design (1)/node_modules/lightningcss-darwin-x64
170 silly reify mark deleted [
170 silly reify   '/Users/nicolassanpedro/Downloads/WorkSense SaaS Dashboard Design (1)/node_modules/lightningcss-darwin-x64'
170 silly reify ]
171 verbose reify failed optional dependency /Users/nicolassanpedro/Downloads/WorkSense SaaS Dashboard Design (1)/node_modules/lightningcss-android-arm64
172 silly reify mark deleted [
172 silly reify   '/Users/nicolassanpedro/Downloads/WorkSense SaaS Dashboard Design (1)/node_modules/lightningcss-android-arm64'
172 silly reify ]
173 verbose reify failed optional dependency /Users/nicolassanpedro/Downloads/WorkSense SaaS Dashboard Design (1)/node_modules/@unrs/resolver-binding-win32-x64-msvc
174 silly reify mark deleted [
174 silly reify   '/Users/nicolassanpedro/Downloads/WorkSense SaaS Dashboard Design (1)/node_modules/@unrs/resolver-binding-win32-x64-msvc'
174 silly reify ]
175 verbose reify failed optional dependency /Users/nicolassanpedro/Downloads/WorkSense SaaS Dashboard Design (1)/node_modules/@unrs/resolver-binding-win32-ia32-msvc
176 silly reify mark deleted [
176 silly reify   '/Users/nicolassanpedro/Downloads/WorkSense SaaS Dashboard Design (1)/node_modules/@unrs/resolver-binding-win32-ia32-msvc'
176 silly reify ]
177 verbose reify failed optional dependency /Users/nicolassanpedro/Downloads/WorkSense SaaS Dashboard Design (1)/node_modules/@unrs/resolver-binding-win32-arm64-msvc
178 silly reify mark deleted [
178 silly reify   '/Users/nicolassanpedro/Downloads/WorkSense SaaS Dashboard Design (1)/node_modules/@unrs/resolver-binding-win32-arm64-msvc'
178 silly reify ]
179 verbose reify failed optional dependency /Users/nicolassanpedro/Downloads/WorkSense SaaS Dashboard Design (1)/node_modules/@unrs/resolver-binding-wasm32-wasi
180 silly reify mark deleted [
180 silly reify   '/Users/nicolassanpedro/Downloads/WorkSense SaaS Dashboard Design (1)/node_modules/@unrs/resolver-binding-wasm32-wasi'
180 silly reify ]
181 verbose reify failed optional dependency /Users/nicolassanpedro/Downloads/WorkSense SaaS Dashboard Design (1)/node_modules/@unrs/resolver-binding-linux-x64-musl
182 silly reify mark deleted [
182 silly reify   '/Users/nicolassanpedro/Downloads/WorkSense SaaS Dashboard Design (1)/node_modules/@unrs/resolver-binding-linux-x64-musl'
182 silly reify ]
183 verbose reify failed optional dependency /Users/nicolassanpedro/Downloads/WorkSense SaaS Dashboard Design (1)/node_modules/@unrs/resolver-binding-linux-x64-gnu
184 silly reify mark deleted [
184 silly reify   '/Users/nicolassanpedro/Downloads/WorkSense SaaS Dashboard Design (1)/node_modules/@unrs/resolver-binding-linux-x64-gnu'
184 silly reify ]
185 verbose reify failed optional dependency /Users/nicolassanpedro/Downloads/WorkSense SaaS Dashboard Design (1)/node_modules/@unrs/resolver-binding-linux-s390x-gnu
186 silly reify mark deleted [
186 silly reify   '/Users/nicolassanpedro/Downloads/WorkSense SaaS Dashboard Design (1)/node_modules/@unrs/resolver-binding-linux-s390x-gnu'
186 silly reify ]
187 verbose reify failed optional dependency /Users/nicolassanpedro/Downloads/WorkSense SaaS Dashboard Design (1)/node_modules/@unrs/resolver-binding-linux-riscv64-musl
188 silly reify mark deleted [
188 silly reify   '/Users/nicolassanpedro/Downloads/WorkSense SaaS Dashboard Design (1)/node_modules/@unrs/resolver-binding-linux-riscv64-musl'
188 silly reify ]
189 verbose reify failed optional dependency /Users/nicolassanpedro/Downloads/WorkSense SaaS Dashboard Design (1)/node_modules/@unrs/resolver-binding-linux-riscv64-gnu
190 silly reify mark deleted [
190 silly reify   '/Users/nicolassanpedro/Downloads/WorkSense SaaS Dashboard Design (1)/node_modules/@unrs/resolver-binding-linux-riscv64-gnu'
190 silly reify ]
191 verbose reify failed optional dependency /Users/nicolassanpedro/Downloads/WorkSense SaaS Dashboard Design (1)/node_modules/@unrs/resolver-binding-linux-ppc64-gnu
192 silly reify mark deleted [
192 silly reify   '/Users/nicolassanpedro/Downloads/WorkSense SaaS Dashboard Design (1)/node_modules/@unrs/resolver-binding-linux-ppc64-gnu'
192 silly reify ]
193 verbose reify failed optional dependency /Users/nicolassanpedro/Downloads/WorkSense SaaS Dashboard Design (1)/node_modules/@unrs/resolver-binding-linux-arm64-musl
194 silly reify mark deleted [
194 silly reify   '/Users/nicolassanpedro/Downloads/WorkSense SaaS Dashboard Design (1)/node_modules/@unrs/resolver-binding-linux-arm64-musl'
194 silly reify ]
195 verbose reify failed optional dependency /Users/nicolassanpedro/Downloads/WorkSense SaaS Dashboard Design (1)/node_modules/@unrs/resolver-binding-linux-arm64-gnu
196 silly reify mark deleted [
196 silly reify   '/Users/nicolassanpedro/Downloads/WorkSense SaaS Dashboard Design (1)/node_modules/@unrs/resolver-binding-linux-arm64-gnu'
196 silly reify ]
197 verbose reify failed optional dependency /Users/nicolassanpedro/Downloads/WorkSense SaaS Dashboard Design (1)/node_modules/@unrs/resolver-binding-linux-arm-musleabihf
198 silly reify mark deleted [
198 silly reify   '/Users/nicolassanpedro/Downloads/WorkSense SaaS Dashboard Design (1)/node_modules/@unrs/resolver-binding-linux-arm-musleabihf'
198 silly reify ]
199 verbose reify failed optional dependency /Users/nicolassanpedro/Downloads/WorkSense SaaS Dashboard Design (1)/node_modules/@unrs/resolver-binding-linux-arm-gnueabihf
200 silly reify mark deleted [
200 silly reify   '/Users/nicolassanpedro/Downloads/WorkSense SaaS Dashboard Design (1)/node_modules/@unrs/resolver-binding-linux-arm-gnueabihf'
200 silly reify ]
201 verbose reify failed optional dependency /Users/nicolassanpedro/Downloads/WorkSense SaaS Dashboard Design (1)/node_modules/@unrs/resolver-binding-freebsd-x64
202 silly reify mark deleted [
202 silly reify   '/Users/nicolassanpedro/Downloads/WorkSense SaaS Dashboard Design (1)/node_modules/@unrs/resolver-binding-freebsd-x64'
202 silly reify ]
203 verbose reify failed optional dependency /Users/nicolassanpedro/Downloads/WorkSense SaaS Dashboard Design (1)/node_modules/@unrs/resolver-binding-darwin-x64
204 silly reify mark deleted [
204 silly reify   '/Users/nicolassanpedro/Downloads/WorkSense SaaS Dashboard Design (1)/node_modules/@unrs/resolver-binding-darwin-x64'
204 silly reify ]
205 verbose reify failed optional dependency /Users/nicolassanpedro/Downloads/WorkSense SaaS Dashboard Design (1)/node_modules/@unrs/resolver-binding-android-arm64
206 silly reify mark deleted [
206 silly reify   '/Users/nicolassanpedro/Downloads/WorkSense SaaS Dashboard Design (1)/node_modules/@unrs/resolver-binding-android-arm64'
206 silly reify ]
207 verbose reify failed optional dependency /Users/nicolassanpedro/Downloads/WorkSense SaaS Dashboard Design (1)/node_modules/@unrs/resolver-binding-android-arm-eabi
208 silly reify mark deleted [
208 silly reify   '/Users/nicolassanpedro/Downloads/WorkSense SaaS Dashboard Design (1)/node_modules/@unrs/resolver-binding-android-arm-eabi'
208 silly reify ]
209 verbose reify failed optional dependency /Users/nicolassanpedro/Downloads/WorkSense SaaS Dashboard Design (1)/node_modules/@tailwindcss/oxide-win32-x64-msvc
210 silly reify mark deleted [
210 silly reify   '/Users/nicolassanpedro/Downloads/WorkSense SaaS Dashboard Design (1)/node_modules/@tailwindcss/oxide-win32-x64-msvc'
210 silly reify ]
211 verbose reify failed optional dependency /Users/nicolassanpedro/Downloads/WorkSense SaaS Dashboard Design (1)/node_modules/@tailwindcss/oxide-win32-arm64-msvc
212 silly reify mark deleted [
212 silly reify   '/Users/nicolassanpedro/Downloads/WorkSense SaaS Dashboard Design (1)/node_modules/@tailwindcss/oxide-win32-arm64-msvc'
212 silly reify ]
213 verbose reify failed optional dependency /Users/nicolassanpedro/Downloads/WorkSense SaaS Dashboard Design (1)/node_modules/@tailwindcss/oxide-linux-x64-musl
214 silly reify mark deleted [
214 silly reify   '/Users/nicolassanpedro/Downloads/WorkSense SaaS Dashboard Design (1)/node_modules/@tailwindcss/oxide-linux-x64-musl'
214 silly reify ]
215 verbose reify failed optional dependency /Users/nicolassanpedro/Downloads/WorkSense SaaS Dashboard Design (1)/node_modules/@tailwindcss/oxide-linux-x64-gnu
216 silly reify mark deleted [
216 silly reify   '/Users/nicolassanpedro/Downloads/WorkSense SaaS Dashboard Design (1)/node_modules/@tailwindcss/oxide-linux-x64-gnu'
216 silly reify ]
217 verbose reify failed optional dependency /Users/nicolassanpedro/Downloads/WorkSense SaaS Dashboard Design (1)/node_modules/@tailwindcss/oxide-linux-arm64-musl
218 silly reify mark deleted [
218 silly reify   '/Users/nicolassanpedro/Downloads/WorkSense SaaS Dashboard Design (1)/node_modules/@tailwindcss/oxide-linux-arm64-musl'
218 silly reify ]
219 verbose reify failed optional dependency /Users/nicolassanpedro/Downloads/WorkSense SaaS Dashboard Design (1)/node_modules/@tailwindcss/oxide-linux-arm64-gnu
220 silly reify mark deleted [
220 silly reify   '/Users/nicolassanpedro/Downloads/WorkSense SaaS Dashboard Design (1)/node_modules/@tailwindcss/oxide-linux-arm64-gnu'
220 silly reify ]
221 verbose reify failed optional dependency /Users/nicolassanpedro/Downloads/WorkSense SaaS Dashboard Design (1)/node_modules/@tailwindcss/oxide-linux-arm-gnueabihf
222 silly reify mark deleted [
222 silly reify   '/Users/nicolassanpedro/Downloads/WorkSense SaaS Dashboard Design (1)/node_modules/@tailwindcss/oxide-linux-arm-gnueabihf'
222 silly reify ]
223 verbose reify failed optional dependency /Users/nicolassanpedro/Downloads/WorkSense SaaS Dashboard Design (1)/node_modules/@tailwindcss/oxide-freebsd-x64
224 silly reify mark deleted [
224 silly reify   '/Users/nicolassanpedro/Downloads/WorkSense SaaS Dashboard Design (1)/node_modules/@tailwindcss/oxide-freebsd-x64'
224 silly reify ]
225 verbose reify failed optional dependency /Users/nicolassanpedro/Downloads/WorkSense SaaS Dashboard Design (1)/node_modules/@tailwindcss/oxide-darwin-x64
226 silly reify mark deleted [
226 silly reify   '/Users/nicolassanpedro/Downloads/WorkSense SaaS Dashboard Design (1)/node_modules/@tailwindcss/oxide-darwin-x64'
226 silly reify ]
227 verbose reify failed optional dependency /Users/nicolassanpedro/Downloads/WorkSense SaaS Dashboard Design (1)/node_modules/@tailwindcss/oxide-android-arm64
228 silly reify mark deleted [
228 silly reify   '/Users/nicolassanpedro/Downloads/WorkSense SaaS Dashboard Design (1)/node_modules/@tailwindcss/oxide-android-arm64'
228 silly reify ]
229 silly tarball no local data for next@https://registry.npmjs.org/next/-/next-14.2.22.tgz. Extracting by manifest.
230 silly tarball no local data for @next/swc-darwin-arm64@https://registry.npmjs.org/@next/swc-darwin-arm64/-/swc-darwin-arm64-14.2.22.tgz. Extracting by manifest.
231 silly tarball no local data for @next/env@https://registry.npmjs.org/@next/env/-/env-14.2.22.tgz. Extracting by manifest.
232 http fetch POST 200 https://registry.npmjs.org/-/npm/v1/security/advisories/bulk 343ms
233 silly audit report {
233 silly audit report   glob: [
233 silly audit report     {
233 silly audit report       id: 1109842,
233 silly audit report       url: 'https://github.com/advisories/GHSA-5j98-mcp5-4vw2',
233 silly audit report       title: 'glob CLI: Command injection via -c/--cmd executes matches with shell:true',
233 silly audit report       severity: 'high',
233 silly audit report       vulnerable_versions: '>=10.2.0 <10.5.0',
233 silly audit report       cwe: [Array],
233 silly audit report       cvss: [Object]
233 silly audit report     }
233 silly audit report   ],
233 silly audit report   next: [
233 silly audit report     {
233 silly audit report       id: 1105461,
233 silly audit report       url: 'https://github.com/advisories/GHSA-3h52-269p-cp9r',
233 silly audit report       title: 'Information exposure in Next.js dev server due to lack of origin verification',
233 silly audit report       severity: 'low',
233 silly audit report       vulnerable_versions: '>=13.0 <14.2.30',
233 silly audit report       cwe: [Array],
233 silly audit report       cvss: [Object]
233 silly audit report     },
233 silly audit report     {
233 silly audit report       id: 1111391,
233 silly audit report       url: 'https://github.com/advisories/GHSA-mwv6-3258-q52c',
233 silly audit report       title: 'Next Vulnerable to Denial of Service with Server Components',
233 silly audit report       severity: 'high',
233 silly audit report       vulnerable_versions: '>=13.3.0 <14.2.34',
233 silly audit report       cwe: [Array],
233 silly audit report       cvss: [Object]
233 silly audit report     },
233 silly audit report     {
233 silly audit report       id: 1111461,
233 silly audit report       url: 'https://github.com/advisories/GHSA-5j59-xgg2-r9c4',
233 silly audit report       title: 'Next has a Denial of Service with Server Components - Incomplete Fix Follow-Up',
233 silly audit report       severity: 'high',
233 silly audit report       vulnerable_versions: '>=13.3.1-canary.0 <14.2.35',
233 silly audit report       cwe: [Array],
233 silly audit report       cvss: [Object]
233 silly audit report     },
233 silly audit report     {
233 silly audit report       id: 1107226,
233 silly audit report       url: 'https://github.com/advisories/GHSA-g5qg-72qw-gw5v',
233 silly audit report       title: 'Next.js Affected by Cache Key Confusion for Image Optimization API Routes',
233 silly audit report       severity: 'moderate',
233 silly audit report       vulnerable_versions: '>=0.9.9 <14.2.31',
233 silly audit report       cwe: [Array],
233 silly audit report       cvss: [Object]
233 silly audit report     },
233 silly audit report     {
233 silly audit report       id: 1107512,
233 silly audit report       url: 'https://github.com/advisories/GHSA-4342-x723-ch2f',
233 silly audit report       title: 'Next.js Improper Middleware Redirect Handling Leads to SSRF',
233 silly audit report       severity: 'moderate',
233 silly audit report       vulnerable_versions: '>=0.9.9 <14.2.32',
233 silly audit report       cwe: [Array],
233 silly audit report       cvss: [Object]
233 silly audit report     },
233 silly audit report     {
233 silly audit report       id: 1107513,
233 silly audit report       url: 'https://github.com/advisories/GHSA-xv57-4mr9-wg8v',
233 silly audit report       title: 'Next.js Content Injection Vulnerability for Image Optimization',
233 silly audit report       severity: 'moderate',
233 silly audit report       vulnerable_versions: '>=0.9.9 <14.2.31',
233 silly audit report       cwe: [Array],
233 silly audit report       cvss: [Object]
233 silly audit report     },
233 silly audit report     {
233 silly audit report       id: 1108291,
233 silly audit report       url: 'https://github.com/advisories/GHSA-qpjv-v59x-3qc4',
233 silly audit report       title: 'Next.js Race Condition to Cache Poisoning',
233 silly audit report       severity: 'low',
233 silly audit report       vulnerable_versions: '>=0.9.9 <14.2.24',
233 silly audit report       cwe: [Array],
233 silly audit report       cvss: [Object]
233 silly audit report     },
233 silly audit report     {
233 silly audit report       id: 1108953,
233 silly audit report       url: 'https://github.com/advisories/GHSA-f82v-jwr5-mffw',
233 silly audit report       title: 'Authorization Bypass in Next.js Middleware',
233 silly audit report       severity: 'critical',
233 silly audit report       vulnerable_versions: '>=14.0.0 <14.2.25',
233 silly audit report       cwe: [Array],
233 silly audit report       cvss: [Object]
233 silly audit report     }
233 silly audit report   ]
233 silly audit report }
234 silly packumentCache corgi:https://registry.npmjs.org/glob cache-miss
235 silly packumentCache corgi:https://registry.npmjs.org/next cache-miss
236 http fetch GET 200 https://registry.npmjs.org/glob 7ms (cache hit)
237 silly packumentCache corgi:https://registry.npmjs.org/glob set size:159574 disposed:false
238 http fetch GET 200 https://registry.npmjs.org/next 22ms (cache hit)
239 silly packumentCache corgi:https://registry.npmjs.org/next set size:23127871 disposed:false
240 silly packumentCache corgi:https://registry.npmjs.org/@next%2feslint-plugin-next cache-miss
241 http fetch GET 200 https://registry.npmjs.org/@next/env/-/env-14.2.22.tgz 589ms (cache miss)
242 http fetch GET 200 https://registry.npmjs.org/@next%2feslint-plugin-next 10ms (cache hit)
243 silly packumentCache corgi:https://registry.npmjs.org/@next%2feslint-plugin-next set size:3022476 disposed:false
244 silly packumentCache corgi:https://registry.npmjs.org/eslint-config-next cache-miss
245 http fetch GET 200 https://registry.npmjs.org/eslint-config-next 8ms (cache hit)
246 silly packumentCache corgi:https://registry.npmjs.org/eslint-config-next set size:3579521 disposed:false
247 http fetch GET 200 https://registry.npmjs.org/next/-/next-14.2.22.tgz 2784ms (cache miss)
248 warn deprecated next@14.2.22: This version has a security vulnerability. Please upgrade to a patched version. See https://nextjs.org/blog/security-update-2025-12-11 for more details.
249 http fetch GET 200 https://registry.npmjs.org/@next/swc-darwin-arm64/-/swc-darwin-arm64-14.2.22.tgz 4694ms (cache miss)
250 silly ADD node_modules/streamsearch
251 silly ADD node_modules/@swc/counter
252 silly ADD node_modules/busboy
253 silly ADD
254 silly ADD
255 silly ADD
256 silly ADD
257 silly ADD
258 silly ADD
259 silly ADD
260 silly ADD
261 silly ADD
262 silly ADD
263 silly ADD
264 silly ADD
265 silly ADD
266 silly ADD
267 silly ADD
268 silly ADD
269 silly ADD
270 silly ADD
271 silly ADD
272 silly ADD
273 silly ADD
274 silly ADD
275 silly ADD
276 silly ADD
277 silly ADD
278 silly ADD
279 silly ADD
280 silly ADD
281 silly ADD
282 silly ADD
283 silly ADD
284 silly ADD
285 silly ADD
286 silly ADD
287 silly ADD
288 silly ADD
289 silly ADD
290 silly ADD
291 silly ADD
292 silly ADD
293 silly ADD
294 silly ADD
295 silly ADD
296 silly ADD
297 silly ADD
298 silly ADD
299 silly ADD
300 silly CHANGE node_modules/styled-jsx
301 silly REMOVE node_modules/sharp
302 silly CHANGE node_modules/next
303 silly REMOVE node_modules/baseline-browser-mapping
304 silly CHANGE node_modules/@swc/helpers
305 silly CHANGE node_modules/@next/swc-darwin-arm64
306 silly CHANGE node_modules/@next/env
307 silly REMOVE node_modules/@img/sharp-libvips-darwin-arm64
308 silly REMOVE node_modules/@img/sharp-darwin-arm64
309 silly REMOVE node_modules/@img/colour
310 verbose cwd /Users/nicolassanpedro/Downloads/WorkSense SaaS Dashboard Design (1)
311 verbose os Darwin 24.6.0
312 verbose node v18.20.7
313 verbose npm  v10.8.2
314 verbose exit 0
315 info ok
